<?xml version="1.0" encoding="UTF-8"?>
<!-- Generated by org.testng.reporters.JUnitReportReporter -->
<testsuite hostname="Andreea-PC" failures="0" tests="1" name="uk.co.automationtesting.OrderCompleteTest" time="15.217" errors="0" timestamp="2023-09-07T22:43:21 EEST" skipped="0">
  <testcase classname="uk.co.automationtesting.OrderCompleteTest" name="endToEndTest" time="15.217"/>
  <system-out/>
</testsuite> <!-- uk.co.automationtesting.OrderCompleteTest -->
